2024-11-18 11:15:03 [main] INFO  c.e.hotel.hotelmy.HotelMyApplication - Starting HotelMyApplication using Java 1.8.0_411 on bobodebijibendiannao.local with PID 18698 (/Users/bobo/Downloads/hotel-my/hotel-my-start/target/classes started by bobo in /Users/bobo/Downloads/hotel-my)
2024-11-18 11:15:03 [main] DEBUG c.e.hotel.hotelmy.HotelMyApplication - Running with Spring Boot v2.6.13, Spring v5.3.23
2024-11-18 11:15:03 [main] INFO  c.e.hotel.hotelmy.HotelMyApplication - No active profile set, falling back to 1 default profile: "default"
2024-11-18 11:15:04 [main] INFO  o.s.b.w.e.tomcat.TomcatWebServer - Tomcat initialized with port(s): 8080 (http)
2024-11-18 11:15:04 [main] INFO  o.a.coyote.http11.Http11NioProtocol - Initializing ProtocolHandler ["http-nio-8080"]
2024-11-18 11:15:04 [main] INFO  o.a.catalina.core.StandardService - Starting service [Tomcat]
2024-11-18 11:15:04 [main] INFO  o.a.catalina.core.StandardEngine - Starting Servlet engine: [Apache Tomcat/9.0.68]
2024-11-18 11:15:04 [main] INFO  o.a.c.c.C.[Tomcat].[localhost].[/] - Initializing Spring embedded WebApplicationContext
2024-11-18 11:15:04 [main] INFO  o.s.b.w.s.c.ServletWebServerApplicationContext - Root WebApplicationContext: initialization completed in 798 ms
2024-11-18 11:15:04 [main] WARN  o.s.b.w.s.c.AnnotationConfigServletWebServerApplicationContext - Exception encountered during context initialization - cancelling refresh attempt: org.springframework.beans.factory.UnsatisfiedDependencyException: Error creating bean with name 'basicController': Unsatisfied dependency expressed through field 'supplierBLL'; nested exception is org.springframework.beans.factory.UnsatisfiedDependencyException: Error creating bean with name 'supplierBLL': Unsatisfied dependency expressed through field 'myService'; nested exception is org.springframework.beans.factory.UnsatisfiedDependencyException: Error creating bean with name 'myService': Unsatisfied dependency expressed through field 'supplierChannelMerchantsRelationMapper'; nested exception is org.springframework.beans.factory.NoSuchBeanDefinitionException: No qualifying bean of type 'com.elong.hotel.hotelmy.mybatis.SupplierChannelMerchantsRelationMapper' available: expected at least 1 bean which qualifies as autowire candidate. Dependency annotations: {@org.springframework.beans.factory.annotation.Autowired(required=true)}
2024-11-18 11:15:04 [main] INFO  o.a.catalina.core.StandardService - Stopping service [Tomcat]
2024-11-18 11:15:04 [main] INFO  o.s.b.a.l.ConditionEvaluationReportLoggingListener - 

Error starting ApplicationContext. To display the conditions report re-run your application with 'debug' enabled.
2024-11-18 11:15:04 [main] ERROR o.s.b.d.LoggingFailureAnalysisReporter - 

***************************
APPLICATION FAILED TO START
***************************

Description:

Field supplierChannelMerchantsRelationMapper in com.elong.hotel.hotelmy.service.MyService required a bean of type 'com.elong.hotel.hotelmy.mybatis.SupplierChannelMerchantsRelationMapper' that could not be found.

The injection point has the following annotations:
	- @org.springframework.beans.factory.annotation.Autowired(required=true)


Action:

Consider defining a bean of type 'com.elong.hotel.hotelmy.mybatis.SupplierChannelMerchantsRelationMapper' in your configuration.

2024-11-18 11:16:47 [main] INFO  c.e.hotel.hotelmy.HotelMyApplication - Starting HotelMyApplication using Java 1.8.0_411 on bobodebijibendiannao.local with PID 19198 (/Users/bobo/Downloads/hotel-my/hotel-my-start/target/classes started by bobo in /Users/bobo/Downloads/hotel-my)
2024-11-18 11:16:47 [main] DEBUG c.e.hotel.hotelmy.HotelMyApplication - Running with Spring Boot v2.6.13, Spring v5.3.23
2024-11-18 11:16:47 [main] INFO  c.e.hotel.hotelmy.HotelMyApplication - No active profile set, falling back to 1 default profile: "default"
2024-11-18 11:16:47 [main] INFO  o.s.b.w.e.tomcat.TomcatWebServer - Tomcat initialized with port(s): 8080 (http)
2024-11-18 11:16:48 [main] INFO  o.a.coyote.http11.Http11NioProtocol - Initializing ProtocolHandler ["http-nio-8080"]
2024-11-18 11:16:48 [main] INFO  o.a.catalina.core.StandardService - Starting service [Tomcat]
2024-11-18 11:16:48 [main] INFO  o.a.catalina.core.StandardEngine - Starting Servlet engine: [Apache Tomcat/9.0.68]
2024-11-18 11:16:48 [main] INFO  o.a.c.c.C.[Tomcat].[localhost].[/] - Initializing Spring embedded WebApplicationContext
2024-11-18 11:16:48 [main] INFO  o.s.b.w.s.c.ServletWebServerApplicationContext - Root WebApplicationContext: initialization completed in 748 ms
2024-11-18 11:16:48 [main] WARN  o.s.b.w.s.c.AnnotationConfigServletWebServerApplicationContext - Exception encountered during context initialization - cancelling refresh attempt: org.springframework.beans.factory.UnsatisfiedDependencyException: Error creating bean with name 'basicController': Unsatisfied dependency expressed through field 'supplierBLL'; nested exception is org.springframework.beans.factory.UnsatisfiedDependencyException: Error creating bean with name 'supplierBLL': Unsatisfied dependency expressed through field 'myService'; nested exception is org.springframework.beans.factory.UnsatisfiedDependencyException: Error creating bean with name 'myService': Unsatisfied dependency expressed through field 'supplierChannelMerchantsRelationMapper'; nested exception is org.springframework.beans.factory.NoSuchBeanDefinitionException: No qualifying bean of type 'com.elong.hotel.hotelmy.mybatis.SupplierChannelMerchantsRelationMapper' available: expected at least 1 bean which qualifies as autowire candidate. Dependency annotations: {@org.springframework.beans.factory.annotation.Autowired(required=true)}
2024-11-18 11:16:48 [main] INFO  o.a.catalina.core.StandardService - Stopping service [Tomcat]
2024-11-18 11:16:48 [main] INFO  o.s.b.a.l.ConditionEvaluationReportLoggingListener - 

Error starting ApplicationContext. To display the conditions report re-run your application with 'debug' enabled.
2024-11-18 11:16:48 [main] ERROR o.s.b.d.LoggingFailureAnalysisReporter - 

***************************
APPLICATION FAILED TO START
***************************

Description:

Field supplierChannelMerchantsRelationMapper in com.elong.hotel.hotelmy.service.MyService required a bean of type 'com.elong.hotel.hotelmy.mybatis.SupplierChannelMerchantsRelationMapper' that could not be found.

The injection point has the following annotations:
	- @org.springframework.beans.factory.annotation.Autowired(required=true)


Action:

Consider defining a bean of type 'com.elong.hotel.hotelmy.mybatis.SupplierChannelMerchantsRelationMapper' in your configuration.

2024-11-18 11:17:06 [main] INFO  c.e.hotel.hotelmy.HotelMyApplication - Starting HotelMyApplication using Java 1.8.0_411 on bobodebijibendiannao.local with PID 19299 (/Users/bobo/Downloads/hotel-my/hotel-my-start/target/classes started by bobo in /Users/bobo/Downloads/hotel-my)
2024-11-18 11:17:06 [main] DEBUG c.e.hotel.hotelmy.HotelMyApplication - Running with Spring Boot v2.6.13, Spring v5.3.23
2024-11-18 11:17:06 [main] INFO  c.e.hotel.hotelmy.HotelMyApplication - No active profile set, falling back to 1 default profile: "default"
2024-11-18 11:17:06 [main] INFO  o.s.b.w.e.tomcat.TomcatWebServer - Tomcat initialized with port(s): 8080 (http)
2024-11-18 11:17:06 [main] INFO  o.a.coyote.http11.Http11NioProtocol - Initializing ProtocolHandler ["http-nio-8080"]
2024-11-18 11:17:06 [main] INFO  o.a.catalina.core.StandardService - Starting service [Tomcat]
2024-11-18 11:17:06 [main] INFO  o.a.catalina.core.StandardEngine - Starting Servlet engine: [Apache Tomcat/9.0.68]
2024-11-18 11:17:06 [main] INFO  o.a.c.c.C.[Tomcat].[localhost].[/] - Initializing Spring embedded WebApplicationContext
2024-11-18 11:17:06 [main] INFO  o.s.b.w.s.c.ServletWebServerApplicationContext - Root WebApplicationContext: initialization completed in 725 ms
2024-11-18 11:17:06 [main] WARN  o.s.b.w.s.c.AnnotationConfigServletWebServerApplicationContext - Exception encountered during context initialization - cancelling refresh attempt: org.springframework.beans.factory.UnsatisfiedDependencyException: Error creating bean with name 'basicController': Unsatisfied dependency expressed through field 'supplierBLL'; nested exception is org.springframework.beans.factory.UnsatisfiedDependencyException: Error creating bean with name 'supplierBLL': Unsatisfied dependency expressed through field 'myService'; nested exception is org.springframework.beans.factory.UnsatisfiedDependencyException: Error creating bean with name 'myService': Unsatisfied dependency expressed through field 'supplierChannelMerchantsRelationMapper'; nested exception is org.springframework.beans.factory.NoSuchBeanDefinitionException: No qualifying bean of type 'com.elong.hotel.hotelmy.mybatis.SupplierChannelMerchantsRelationMapper' available: expected at least 1 bean which qualifies as autowire candidate. Dependency annotations: {@org.springframework.beans.factory.annotation.Autowired(required=true)}
2024-11-18 11:17:06 [main] INFO  o.a.catalina.core.StandardService - Stopping service [Tomcat]
2024-11-18 11:17:06 [main] INFO  o.s.b.a.l.ConditionEvaluationReportLoggingListener - 

Error starting ApplicationContext. To display the conditions report re-run your application with 'debug' enabled.
2024-11-18 11:17:06 [main] ERROR o.s.b.d.LoggingFailureAnalysisReporter - 

***************************
APPLICATION FAILED TO START
***************************

Description:

Field supplierChannelMerchantsRelationMapper in com.elong.hotel.hotelmy.service.MyService required a bean of type 'com.elong.hotel.hotelmy.mybatis.SupplierChannelMerchantsRelationMapper' that could not be found.

The injection point has the following annotations:
	- @org.springframework.beans.factory.annotation.Autowired(required=true)


Action:

Consider defining a bean of type 'com.elong.hotel.hotelmy.mybatis.SupplierChannelMerchantsRelationMapper' in your configuration.

2024-11-18 11:18:37 [main] INFO  c.e.hotel.hotelmy.HotelMyApplication - Starting HotelMyApplication using Java 1.8.0_411 on bobodebijibendiannao.local with PID 19722 (/Users/bobo/Downloads/hotel-my/hotel-my-start/target/classes started by bobo in /Users/bobo/Downloads/hotel-my)
2024-11-18 11:18:37 [main] DEBUG c.e.hotel.hotelmy.HotelMyApplication - Running with Spring Boot v2.6.13, Spring v5.3.23
2024-11-18 11:18:37 [main] INFO  c.e.hotel.hotelmy.HotelMyApplication - No active profile set, falling back to 1 default profile: "default"
2024-11-18 11:18:38 [main] INFO  o.s.b.w.e.tomcat.TomcatWebServer - Tomcat initialized with port(s): 8080 (http)
2024-11-18 11:18:38 [main] INFO  o.a.coyote.http11.Http11NioProtocol - Initializing ProtocolHandler ["http-nio-8080"]
2024-11-18 11:18:38 [main] INFO  o.a.catalina.core.StandardService - Starting service [Tomcat]
2024-11-18 11:18:38 [main] INFO  o.a.catalina.core.StandardEngine - Starting Servlet engine: [Apache Tomcat/9.0.68]
2024-11-18 11:18:38 [main] INFO  o.a.c.c.C.[Tomcat].[localhost].[/] - Initializing Spring embedded WebApplicationContext
2024-11-18 11:18:38 [main] INFO  o.s.b.w.s.c.ServletWebServerApplicationContext - Root WebApplicationContext: initialization completed in 785 ms
2024-11-18 11:18:38 [main] WARN  o.s.b.w.s.c.AnnotationConfigServletWebServerApplicationContext - Exception encountered during context initialization - cancelling refresh attempt: org.springframework.beans.factory.UnsatisfiedDependencyException: Error creating bean with name 'basicController': Unsatisfied dependency expressed through field 'supplierBLL'; nested exception is org.springframework.beans.factory.UnsatisfiedDependencyException: Error creating bean with name 'supplierBLL': Unsatisfied dependency expressed through field 'myService'; nested exception is org.springframework.beans.factory.UnsatisfiedDependencyException: Error creating bean with name 'myService': Unsatisfied dependency expressed through field 'supplierChannelMerchantsRelationMapper'; nested exception is org.springframework.beans.factory.NoSuchBeanDefinitionException: No qualifying bean of type 'com.elong.hotel.hotelmy.mybatis.SupplierChannelMerchantsRelationMapper' available: expected at least 1 bean which qualifies as autowire candidate. Dependency annotations: {@org.springframework.beans.factory.annotation.Autowired(required=true)}
2024-11-18 11:18:38 [main] INFO  o.a.catalina.core.StandardService - Stopping service [Tomcat]
2024-11-18 11:18:38 [main] INFO  o.s.b.a.l.ConditionEvaluationReportLoggingListener - 

Error starting ApplicationContext. To display the conditions report re-run your application with 'debug' enabled.
2024-11-18 11:18:38 [main] ERROR o.s.b.d.LoggingFailureAnalysisReporter - 

***************************
APPLICATION FAILED TO START
***************************

Description:

Field supplierChannelMerchantsRelationMapper in com.elong.hotel.hotelmy.service.MyService required a bean of type 'com.elong.hotel.hotelmy.mybatis.SupplierChannelMerchantsRelationMapper' that could not be found.

The injection point has the following annotations:
	- @org.springframework.beans.factory.annotation.Autowired(required=true)


Action:

Consider defining a bean of type 'com.elong.hotel.hotelmy.mybatis.SupplierChannelMerchantsRelationMapper' in your configuration.

2024-11-18 11:20:10 [main] INFO  c.e.hotel.hotelmy.HotelMyApplication - Starting HotelMyApplication using Java 1.8.0_411 on bobodebijibendiannao.local with PID 20102 (/Users/bobo/Downloads/hotel-my/hotel-my-start/target/classes started by bobo in /Users/bobo/Downloads/hotel-my)
2024-11-18 11:20:10 [main] DEBUG c.e.hotel.hotelmy.HotelMyApplication - Running with Spring Boot v2.6.13, Spring v5.3.23
2024-11-18 11:20:10 [main] INFO  c.e.hotel.hotelmy.HotelMyApplication - No active profile set, falling back to 1 default profile: "default"
2024-11-18 11:20:11 [main] INFO  o.s.b.w.e.tomcat.TomcatWebServer - Tomcat initialized with port(s): 8080 (http)
2024-11-18 11:20:11 [main] INFO  o.a.coyote.http11.Http11NioProtocol - Initializing ProtocolHandler ["http-nio-8080"]
2024-11-18 11:20:11 [main] INFO  o.a.catalina.core.StandardService - Starting service [Tomcat]
2024-11-18 11:20:11 [main] INFO  o.a.catalina.core.StandardEngine - Starting Servlet engine: [Apache Tomcat/9.0.68]
2024-11-18 11:20:11 [main] INFO  o.a.c.c.C.[Tomcat].[localhost].[/] - Initializing Spring embedded WebApplicationContext
2024-11-18 11:20:11 [main] INFO  o.s.b.w.s.c.ServletWebServerApplicationContext - Root WebApplicationContext: initialization completed in 772 ms
2024-11-18 11:20:11 [main] WARN  o.s.b.w.s.c.AnnotationConfigServletWebServerApplicationContext - Exception encountered during context initialization - cancelling refresh attempt: org.springframework.beans.factory.UnsatisfiedDependencyException: Error creating bean with name 'basicController': Unsatisfied dependency expressed through field 'supplierBLL'; nested exception is org.springframework.beans.factory.UnsatisfiedDependencyException: Error creating bean with name 'supplierBLL': Unsatisfied dependency expressed through field 'myService'; nested exception is org.springframework.beans.factory.UnsatisfiedDependencyException: Error creating bean with name 'myService': Unsatisfied dependency expressed through field 'supplierChannelMerchantsRelationMapper'; nested exception is org.springframework.beans.factory.NoSuchBeanDefinitionException: No qualifying bean of type 'com.elong.hotel.hotelmy.mybatis.SupplierChannelMerchantsRelationMapper' available: expected at least 1 bean which qualifies as autowire candidate. Dependency annotations: {@org.springframework.beans.factory.annotation.Autowired(required=true)}
2024-11-18 11:20:11 [main] INFO  o.a.catalina.core.StandardService - Stopping service [Tomcat]
2024-11-18 11:20:11 [main] INFO  o.s.b.a.l.ConditionEvaluationReportLoggingListener - 

Error starting ApplicationContext. To display the conditions report re-run your application with 'debug' enabled.
2024-11-18 11:20:11 [main] ERROR o.s.b.d.LoggingFailureAnalysisReporter - 

***************************
APPLICATION FAILED TO START
***************************

Description:

Field supplierChannelMerchantsRelationMapper in com.elong.hotel.hotelmy.service.MyService required a bean of type 'com.elong.hotel.hotelmy.mybatis.SupplierChannelMerchantsRelationMapper' that could not be found.

The injection point has the following annotations:
	- @org.springframework.beans.factory.annotation.Autowired(required=true)


Action:

Consider defining a bean of type 'com.elong.hotel.hotelmy.mybatis.SupplierChannelMerchantsRelationMapper' in your configuration.

2024-11-18 11:22:37 [main] INFO  c.e.hotel.hotelmy.HotelMyApplication - Starting HotelMyApplication using Java 1.8.0_411 on bobodebijibendiannao.local with PID 20865 (/Users/bobo/Downloads/hotel-my/hotel-my-start/target/classes started by bobo in /Users/bobo/Downloads/hotel-my)
2024-11-18 11:22:37 [main] DEBUG c.e.hotel.hotelmy.HotelMyApplication - Running with Spring Boot v2.6.13, Spring v5.3.23
2024-11-18 11:22:37 [main] INFO  c.e.hotel.hotelmy.HotelMyApplication - No active profile set, falling back to 1 default profile: "default"
2024-11-18 11:22:38 [main] INFO  o.s.b.w.e.tomcat.TomcatWebServer - Tomcat initialized with port(s): 8080 (http)
2024-11-18 11:22:38 [main] INFO  o.a.coyote.http11.Http11NioProtocol - Initializing ProtocolHandler ["http-nio-8080"]
2024-11-18 11:22:38 [main] INFO  o.a.catalina.core.StandardService - Starting service [Tomcat]
2024-11-18 11:22:38 [main] INFO  o.a.catalina.core.StandardEngine - Starting Servlet engine: [Apache Tomcat/9.0.68]
2024-11-18 11:22:38 [main] INFO  o.a.c.c.C.[Tomcat].[localhost].[/] - Initializing Spring embedded WebApplicationContext
2024-11-18 11:22:38 [main] INFO  o.s.b.w.s.c.ServletWebServerApplicationContext - Root WebApplicationContext: initialization completed in 771 ms
2024-11-18 11:22:38 [main] WARN  o.s.b.w.s.c.AnnotationConfigServletWebServerApplicationContext - Exception encountered during context initialization - cancelling refresh attempt: org.springframework.beans.factory.UnsatisfiedDependencyException: Error creating bean with name 'basicController': Unsatisfied dependency expressed through field 'supplierBLL'; nested exception is org.springframework.beans.factory.UnsatisfiedDependencyException: Error creating bean with name 'supplierBLL': Unsatisfied dependency expressed through field 'myService'; nested exception is org.springframework.beans.factory.UnsatisfiedDependencyException: Error creating bean with name 'myService': Unsatisfied dependency expressed through field 'supplierChannelMerchantsRelationMapper'; nested exception is org.springframework.beans.factory.NoSuchBeanDefinitionException: No qualifying bean of type 'com.elong.hotel.hotelmy.mybatis.SupplierChannelMerchantsRelationMapper' available: expected at least 1 bean which qualifies as autowire candidate. Dependency annotations: {@org.springframework.beans.factory.annotation.Autowired(required=true)}
2024-11-18 11:22:38 [main] INFO  o.a.catalina.core.StandardService - Stopping service [Tomcat]
2024-11-18 11:22:38 [main] INFO  o.s.b.a.l.ConditionEvaluationReportLoggingListener - 

Error starting ApplicationContext. To display the conditions report re-run your application with 'debug' enabled.
2024-11-18 11:22:38 [main] ERROR o.s.b.d.LoggingFailureAnalysisReporter - 

***************************
APPLICATION FAILED TO START
***************************

Description:

Field supplierChannelMerchantsRelationMapper in com.elong.hotel.hotelmy.service.MyService required a bean of type 'com.elong.hotel.hotelmy.mybatis.SupplierChannelMerchantsRelationMapper' that could not be found.

The injection point has the following annotations:
	- @org.springframework.beans.factory.annotation.Autowired(required=true)


Action:

Consider defining a bean of type 'com.elong.hotel.hotelmy.mybatis.SupplierChannelMerchantsRelationMapper' in your configuration.

2024-11-18 11:23:57 [main] INFO  c.e.hotel.hotelmy.HotelMyApplication - Starting HotelMyApplication using Java 1.8.0_411 on bobodebijibendiannao.local with PID 21261 (/Users/bobo/Downloads/hotel-my/hotel-my-start/target/classes started by bobo in /Users/bobo/Downloads/hotel-my)
2024-11-18 11:23:57 [main] DEBUG c.e.hotel.hotelmy.HotelMyApplication - Running with Spring Boot v2.6.13, Spring v5.3.23
2024-11-18 11:23:57 [main] INFO  c.e.hotel.hotelmy.HotelMyApplication - No active profile set, falling back to 1 default profile: "default"
2024-11-18 11:23:58 [main] INFO  o.s.b.w.e.tomcat.TomcatWebServer - Tomcat initialized with port(s): 8080 (http)
2024-11-18 11:23:58 [main] INFO  o.a.coyote.http11.Http11NioProtocol - Initializing ProtocolHandler ["http-nio-8080"]
2024-11-18 11:23:58 [main] INFO  o.a.catalina.core.StandardService - Starting service [Tomcat]
2024-11-18 11:23:58 [main] INFO  o.a.catalina.core.StandardEngine - Starting Servlet engine: [Apache Tomcat/9.0.68]
2024-11-18 11:23:58 [main] INFO  o.a.c.c.C.[Tomcat].[localhost].[/] - Initializing Spring embedded WebApplicationContext
2024-11-18 11:23:58 [main] INFO  o.s.b.w.s.c.ServletWebServerApplicationContext - Root WebApplicationContext: initialization completed in 756 ms
2024-11-18 11:23:58 [main] WARN  o.s.b.w.s.c.AnnotationConfigServletWebServerApplicationContext - Exception encountered during context initialization - cancelling refresh attempt: org.springframework.beans.factory.UnsatisfiedDependencyException: Error creating bean with name 'basicController': Unsatisfied dependency expressed through field 'supplierBLL'; nested exception is org.springframework.beans.factory.UnsatisfiedDependencyException: Error creating bean with name 'supplierBLL': Unsatisfied dependency expressed through field 'myService'; nested exception is org.springframework.beans.factory.UnsatisfiedDependencyException: Error creating bean with name 'myService': Unsatisfied dependency expressed through field 'supplierChannelMerchantsRelationMapper'; nested exception is org.springframework.beans.factory.NoSuchBeanDefinitionException: No qualifying bean of type 'com.elong.hotel.hotelmy.mybatis.SupplierChannelMerchantsRelationMapper' available: expected at least 1 bean which qualifies as autowire candidate. Dependency annotations: {@org.springframework.beans.factory.annotation.Autowired(required=true)}
2024-11-18 11:23:58 [main] INFO  o.a.catalina.core.StandardService - Stopping service [Tomcat]
2024-11-18 11:23:58 [main] INFO  o.s.b.a.l.ConditionEvaluationReportLoggingListener - 

Error starting ApplicationContext. To display the conditions report re-run your application with 'debug' enabled.
2024-11-18 11:23:58 [main] ERROR o.s.b.d.LoggingFailureAnalysisReporter - 

***************************
APPLICATION FAILED TO START
***************************

Description:

Field supplierChannelMerchantsRelationMapper in com.elong.hotel.hotelmy.service.MyService required a bean of type 'com.elong.hotel.hotelmy.mybatis.SupplierChannelMerchantsRelationMapper' that could not be found.

The injection point has the following annotations:
	- @org.springframework.beans.factory.annotation.Autowired(required=true)


Action:

Consider defining a bean of type 'com.elong.hotel.hotelmy.mybatis.SupplierChannelMerchantsRelationMapper' in your configuration.

2024-11-18 11:26:11 [main] INFO  c.e.hotel.hotelmy.HotelMyApplication - Starting HotelMyApplication using Java 1.8.0_411 on bobodebijibendiannao.local with PID 21890 (/Users/bobo/Downloads/hotel-my/hotel-my-start/target/classes started by bobo in /Users/bobo/Downloads/hotel-my)
2024-11-18 11:26:11 [main] DEBUG c.e.hotel.hotelmy.HotelMyApplication - Running with Spring Boot v2.6.13, Spring v5.3.23
2024-11-18 11:26:11 [main] INFO  c.e.hotel.hotelmy.HotelMyApplication - No active profile set, falling back to 1 default profile: "default"
2024-11-18 11:26:12 [main] INFO  o.s.b.w.e.tomcat.TomcatWebServer - Tomcat initialized with port(s): 8080 (http)
2024-11-18 11:26:12 [main] INFO  o.a.coyote.http11.Http11NioProtocol - Initializing ProtocolHandler ["http-nio-8080"]
2024-11-18 11:26:12 [main] INFO  o.a.catalina.core.StandardService - Starting service [Tomcat]
2024-11-18 11:26:12 [main] INFO  o.a.catalina.core.StandardEngine - Starting Servlet engine: [Apache Tomcat/9.0.68]
2024-11-18 11:26:12 [main] INFO  o.a.c.c.C.[Tomcat].[localhost].[/] - Initializing Spring embedded WebApplicationContext
2024-11-18 11:26:12 [main] INFO  o.s.b.w.s.c.ServletWebServerApplicationContext - Root WebApplicationContext: initialization completed in 1153 ms
2024-11-18 11:26:12 [main] WARN  o.s.b.w.s.c.AnnotationConfigServletWebServerApplicationContext - Exception encountered during context initialization - cancelling refresh attempt: org.springframework.beans.factory.UnsatisfiedDependencyException: Error creating bean with name 'basicController': Unsatisfied dependency expressed through field 'supplierBLL'; nested exception is org.springframework.beans.factory.UnsatisfiedDependencyException: Error creating bean with name 'supplierBLL': Unsatisfied dependency expressed through field 'myService'; nested exception is org.springframework.beans.factory.UnsatisfiedDependencyException: Error creating bean with name 'myService': Unsatisfied dependency expressed through field 'supplierChannelMerchantsRelationMapper'; nested exception is org.springframework.beans.factory.NoSuchBeanDefinitionException: No qualifying bean of type 'com.elong.hotel.hotelmy.mybatis.SupplierChannelMerchantsRelationMapper' available: expected at least 1 bean which qualifies as autowire candidate. Dependency annotations: {@org.springframework.beans.factory.annotation.Autowired(required=true)}
2024-11-18 11:26:12 [main] INFO  o.a.catalina.core.StandardService - Stopping service [Tomcat]
2024-11-18 11:26:12 [main] INFO  o.s.b.a.l.ConditionEvaluationReportLoggingListener - 

Error starting ApplicationContext. To display the conditions report re-run your application with 'debug' enabled.
2024-11-18 11:26:12 [main] ERROR o.s.b.d.LoggingFailureAnalysisReporter - 

***************************
APPLICATION FAILED TO START
***************************

Description:

Field supplierChannelMerchantsRelationMapper in com.elong.hotel.hotelmy.service.MyService required a bean of type 'com.elong.hotel.hotelmy.mybatis.SupplierChannelMerchantsRelationMapper' that could not be found.

The injection point has the following annotations:
	- @org.springframework.beans.factory.annotation.Autowired(required=true)


Action:

Consider defining a bean of type 'com.elong.hotel.hotelmy.mybatis.SupplierChannelMerchantsRelationMapper' in your configuration.

2024-11-18 11:27:59 [main] INFO  c.e.hotel.hotelmy.HotelMyApplication - Starting HotelMyApplication using Java 1.8.0_411 on bobodebijibendiannao.local with PID 22425 (/Users/bobo/Downloads/hotel-my/hotel-my-start/target/classes started by bobo in /Users/bobo/Downloads/hotel-my)
2024-11-18 11:27:59 [main] DEBUG c.e.hotel.hotelmy.HotelMyApplication - Running with Spring Boot v2.6.13, Spring v5.3.23
2024-11-18 11:27:59 [main] INFO  c.e.hotel.hotelmy.HotelMyApplication - No active profile set, falling back to 1 default profile: "default"
2024-11-18 11:28:00 [main] INFO  o.s.b.w.e.tomcat.TomcatWebServer - Tomcat initialized with port(s): 8080 (http)
2024-11-18 11:28:00 [main] INFO  o.a.coyote.http11.Http11NioProtocol - Initializing ProtocolHandler ["http-nio-8080"]
2024-11-18 11:28:00 [main] INFO  o.a.catalina.core.StandardService - Starting service [Tomcat]
2024-11-18 11:28:00 [main] INFO  o.a.catalina.core.StandardEngine - Starting Servlet engine: [Apache Tomcat/9.0.68]
2024-11-18 11:28:00 [main] INFO  o.a.c.c.C.[Tomcat].[localhost].[/] - Initializing Spring embedded WebApplicationContext
2024-11-18 11:28:00 [main] INFO  o.s.b.w.s.c.ServletWebServerApplicationContext - Root WebApplicationContext: initialization completed in 812 ms
2024-11-18 11:28:01 [main] INFO  o.s.b.a.w.s.WelcomePageHandlerMapping - Adding welcome page template: index
2024-11-18 11:28:01 [main] WARN  o.t.templatemode.TemplateMode - [THYMELEAF][main] Template Mode 'HTML5' is deprecated. Using Template Mode 'HTML' instead.
2024-11-18 11:28:01 [main] INFO  o.a.coyote.http11.Http11NioProtocol - Starting ProtocolHandler ["http-nio-8080"]
2024-11-18 11:28:01 [main] INFO  o.s.b.w.e.tomcat.TomcatWebServer - Tomcat started on port(s): 8080 (http) with context path ''
2024-11-18 11:28:01 [main] INFO  c.e.hotel.hotelmy.HotelMyApplication - Started HotelMyApplication in 1.582 seconds (JVM running for 2.03)
2024-11-18 11:28:52 [http-nio-8080-exec-1] INFO  o.a.c.c.C.[Tomcat].[localhost].[/] - Initializing Spring DispatcherServlet 'dispatcherServlet'
2024-11-18 11:28:52 [http-nio-8080-exec-1] INFO  o.s.web.servlet.DispatcherServlet - Initializing Servlet 'dispatcherServlet'
2024-11-18 11:28:52 [http-nio-8080-exec-1] INFO  o.s.web.servlet.DispatcherServlet - Completed initialization in 1 ms
2024-11-18 11:28:55 [http-nio-8080-exec-1] INFO  c.e.hotel.hotelmy.bll.SupplierBLL - helloworld
2024-11-18 11:28:55 [http-nio-8080-exec-1] INFO  com.zaxxer.hikari.HikariDataSource - HikariPool-1 - Starting...
2024-11-18 11:28:55 [http-nio-8080-exec-1] INFO  com.zaxxer.hikari.HikariDataSource - HikariPool-1 - Start completed.
2024-11-18 11:28:55 [http-nio-8080-exec-1] DEBUG c.e.h.h.m.S.selectByPrimaryKey - ==>  Preparing: select id, supplier_id, supplier_name, channel_merchants_id, channel_merchants_name, commission_type, commission_value, status, audit_type, audit_opinion, create_time, creator, operator, op_ip, _timestamp from supplier_channel_merchants_relation where id in ( ? , ? )
2024-11-18 11:28:55 [http-nio-8080-exec-1] DEBUG c.e.h.h.m.S.selectByPrimaryKey - ==> Parameters: 3(Long), 4(Long)
2024-11-18 11:28:55 [http-nio-8080-exec-1] DEBUG c.e.h.h.m.S.selectByPrimaryKey - <==      Total: 2
